c:\users\2009417\desktop\2009417_相良匡亮\kids street\debug\vc142.pdb
c:\users\2009417\desktop\2009417_相良匡亮\kids street\debug\vc142.idb
c:\users\2009417\desktop\2009417_相良匡亮\kids street\debug\input.obj
c:\users\2009417\desktop\2009417_相良匡亮\kids street\debug\road.obj
c:\users\2009417\desktop\2009417_相良匡亮\kids street\debug\field.obj
c:\users\2009417\desktop\2009417_相良匡亮\kids street\debug\fieldmanager.obj
c:\users\2009417\desktop\2009417_相良匡亮\kids street\debug\enemykid.obj
c:\users\2009417\desktop\2009417_相良匡亮\kids street\debug\enemymanager.obj
c:\users\2009417\desktop\2009417_相良匡亮\kids street\debug\enemybase.obj
c:\users\2009417\desktop\2009417_相良匡亮\kids street\debug\enemywall.obj
c:\users\2009417\desktop\2009417_相良匡亮\kids street\debug\enemyboss.obj
c:\users\2009417\desktop\2009417_相良匡亮\kids street\debug\collisionmanager.obj
c:\users\2009417\desktop\2009417_相良匡亮\kids street\debug\collision.obj
c:\users\2009417\desktop\2009417_相良匡亮\kids street\debug\playcamera.obj
c:\users\2009417\desktop\2009417_相良匡亮\kids street\debug\debugcamera.obj
c:\users\2009417\desktop\2009417_相良匡亮\kids street\debug\cameramanager.obj
c:\users\2009417\desktop\2009417_相良匡亮\kids street\debug\model.obj
c:\users\2009417\desktop\2009417_相良匡亮\kids street\debug\animation.obj
c:\users\2009417\desktop\2009417_相良匡亮\kids street\debug\aiattackboss.obj
c:\users\2009417\desktop\2009417_相良匡亮\kids street\debug\aibase.obj
c:\users\2009417\desktop\2009417_相良匡亮\kids street\debug\gameuibutton.obj
c:\users\2009417\desktop\2009417_相良匡亮\kids street\debug\gameui.obj
c:\users\2009417\desktop\2009417_相良匡亮\kids street\debug\sound.obj
c:\users\2009417\desktop\2009417_相良匡亮\kids street\debug\titlescene.obj
c:\users\2009417\desktop\2009417_相良匡亮\kids street\debug\scenemanager.obj
c:\users\2009417\desktop\2009417_相良匡亮\kids street\debug\scenebase.obj
c:\users\2009417\desktop\2009417_相良匡亮\kids street\debug\playscene.obj
c:\users\2009417\desktop\2009417_相良匡亮\kids street\debug\gameoverscene.obj
c:\users\2009417\desktop\2009417_相良匡亮\kids street\debug\gameclearscene.obj
c:\users\2009417\desktop\2009417_相良匡亮\kids street\debug\playermanager.obj
c:\users\2009417\desktop\2009417_相良匡亮\kids street\debug\player.obj
c:\users\2009417\desktop\2009417_相良匡亮\kids street\debug\mymath.obj
c:\users\2009417\desktop\2009417_相良匡亮\kids street\debug\main.obj
c:\users\2009417\desktop\2009417_相良匡亮\kids street\debug\pencil.obj
c:\users\2009417\desktop\2009417_相良匡亮\kids street\debug\itemmanager.obj
c:\users\2009417\desktop\2009417_相良匡亮\kids street\debug\itembase.obj
c:\users\2009417\desktop\2009417_相良匡亮\kids street\debug\eraser.obj
c:\users\2009417\desktop\2009417_相良匡亮\kids street\debug\pad.obj
c:\users\2009417\desktop\2009417_相良匡亮\kids street\debug\mouse.obj
c:\users\2009417\desktop\2009417_相良匡亮\kids street\debug\key.obj
c:\users\2009417\desktop\2009417_相良匡亮\kids street\debug\gameuisprite.obj
c:\users\2009417\desktop\2009417_相良匡亮\kids street\debug\gameuimanager.obj
c:\users\2009417\desktop\2009417_相良匡亮\kids street\debug\client.tlog\cl.command.1.tlog
c:\users\2009417\desktop\2009417_相良匡亮\kids street\debug\client.tlog\cl.read.1.tlog
c:\users\2009417\desktop\2009417_相良匡亮\kids street\debug\client.tlog\cl.write.1.tlog
