  Animation.cpp
  model.cpp
  CameraManager.cpp
  DebugCamera.cpp
  PlayCamera.cpp
  Collision.cpp
  CollisionManager.cpp
  FieldManager.cpp
  Road.cpp
  Input.cpp
  Key.cpp
  Mouse.cpp
  Pad.cpp
  Main.cpp
  MyMath.cpp
  Player.cpp
  PlayerManager.cpp
  GameClearScene.cpp
  GameOverScene.cpp
  PlayScene.cpp
  コードを生成中...
  コンパイル中...
  SceneBase.cpp
  SceneManager.cpp
  TitleScene.cpp
  Sound.cpp
  GameUI.cpp
  GameUIButton.cpp
  GameUIManager.cpp
  GameUISprite.cpp
  コードを生成中...
  Client.vcxproj -> C:\Users\2009417\Desktop\GitHub\sagarand\kids street\Debug\Client.exe
